<?xml version="1.0" encoding="UTF-8"?>
<testsuite xmlns:xsi="http://www.w3.org/2001/XMLSchema-instance" xsi:noNamespaceSchemaLocation="https://maven.apache.org/surefire/maven-surefire-plugin/xsd/surefire-test-report.xsd" name="de.htwberlin.kbe.gruppe4.inter.DeckServiceImplTest" time="0.32" tests="3" errors="0" skipped="0" failures="1">
  <properties>
[...]
</properties>
  <testcase name="testDeal" classname="de.htwberlin.kbe.gruppe4.inter.DeckServiceImplTest" time="0.304"/>
  <testcase name="testDealHandSize" classname="de.htwberlin.kbe.gruppe4.inter.DeckServiceImplTest" time="0.001"/>
  <testcase name="testShuffle" classname="de.htwberlin.kbe.gruppe4.inter.DeckServiceImplTest" time="0.008">
    <failure message="expected: not equal but was: &lt;[ACE of CLUBS, SEVEN of HEARTS, EIGHT of DIAMONDS]&gt;" type="org.opentest4j.AssertionFailedError"><![CDATA[org.opentest4j.AssertionFailedError: expected: not equal but was: <[ACE of CLUBS, SEVEN of HEARTS, EIGHT of DIAMONDS]>
	at de.htwberlin.kbe.gruppe4.inter.DeckServiceImplTest.testShuffle(DeckServiceImplTest.java:56)
]]></failure>
  </testcase>
</testsuite>